{"level":"info","message":"Server running on port 5000","timestamp":"2025-06-15T19:34:47.546Z"}
{"level":"info","message":"MongoDB connected","timestamp":"2025-06-15T19:34:47.571Z"}
{"level":"info","message":"GET /api/events","timestamp":"2025-06-15T19:35:24.686Z"}
{"level":"info","message":"GET /api/events","timestamp":"2025-06-15T19:35:24.717Z"}
{"level":"info","message":"POST /api/users","timestamp":"2025-06-15T19:36:40.138Z"}
{"level":"info","message":"POST /api/users/login","timestamp":"2025-06-15T19:36:58.948Z"}
{"level":"info","message":"POST /api/users/login","timestamp":"2025-06-15T19:37:16.503Z"}
{"level":"info","message":"POST /api/users/login","timestamp":"2025-06-15T19:37:21.119Z"}
{"level":"info","message":"POST /api/users/login","timestamp":"2025-06-15T19:37:21.895Z"}
{"level":"info","message":"POST /api/users","timestamp":"2025-06-15T19:38:55.878Z"}
{"level":"info","message":"POST /api/users/login","timestamp":"2025-06-15T19:39:26.619Z"}
{"level":"info","message":"POST /api/users/login","timestamp":"2025-06-15T19:39:28.620Z"}
{"level":"info","message":"POST /api/users/login","timestamp":"2025-06-15T19:39:29.291Z"}
{"level":"info","message":"GET /api/events","timestamp":"2025-06-15T19:39:47.276Z"}
{"level":"info","message":"GET /api/events","timestamp":"2025-06-15T19:39:47.285Z"}
{"level":"info","message":"GET /api/events?search=web+devolopment","timestamp":"2025-06-15T19:39:55.910Z"}
{"level":"info","message":"GET /api/events?date=0005-03-23&search=web+devolopment","timestamp":"2025-06-15T19:40:04.327Z"}
{"level":"info","message":"GET /api/events?search=web+devolopment","timestamp":"2025-06-15T19:40:06.078Z"}
{"level":"info","message":"GET /api/events?date=0002-03-23&search=web+devolopment","timestamp":"2025-06-15T19:40:06.833Z"}
{"level":"info","message":"GET /api/events?date=0020-03-23&search=web+devolopment","timestamp":"2025-06-15T19:40:07.079Z"}
{"level":"info","message":"GET /api/events?date=0200-03-23&search=web+devolopment","timestamp":"2025-06-15T19:40:07.972Z"}
{"level":"info","message":"GET /api/events?date=2005-03-23&search=web+devolopment","timestamp":"2025-06-15T19:40:08.644Z"}
{"level":"info","message":"GET /api/events","timestamp":"2025-06-15T19:40:12.580Z"}
{"level":"info","message":"Server running on port 5000","timestamp":"2025-06-16T17:25:10.060Z"}
{"level":"info","message":"MongoDB connected","timestamp":"2025-06-16T17:25:10.081Z"}
{"level":"info","message":"GET /api/events","timestamp":"2025-06-16T17:26:01.919Z"}
{"level":"info","message":"GET /api/events","timestamp":"2025-06-16T17:26:01.968Z"}
{"level":"info","message":"GET /api/events","timestamp":"2025-06-16T17:26:26.956Z"}
{"level":"info","message":"GET /api/events","timestamp":"2025-06-16T17:26:26.962Z"}
{"level":"info","message":"GET /api/events","timestamp":"2025-06-16T17:27:30.917Z"}
{"level":"info","message":"GET /api/events","timestamp":"2025-06-16T17:27:30.925Z"}
{"level":"info","message":"GET /api/events","timestamp":"2025-06-16T17:30:58.428Z"}
{"level":"info","message":"GET /api/events","timestamp":"2025-06-16T17:30:58.433Z"}
{"level":"info","message":"GET /api/events","timestamp":"2025-06-16T17:31:04.846Z"}
{"level":"info","message":"GET /api/events","timestamp":"2025-06-16T17:31:04.852Z"}
{"level":"info","message":"GET /api/events","timestamp":"2025-06-16T17:31:06.222Z"}
{"level":"info","message":"GET /api/events","timestamp":"2025-06-16T17:31:06.226Z"}
{"level":"info","message":"GET /api/events","timestamp":"2025-06-16T17:33:41.673Z"}
{"level":"info","message":"GET /api/events","timestamp":"2025-06-16T17:33:41.677Z"}
{"level":"info","message":"GET /api/events","timestamp":"2025-06-16T17:33:43.312Z"}
{"level":"info","message":"GET /api/events","timestamp":"2025-06-16T17:33:43.316Z"}
{"level":"info","message":"GET /api/events","timestamp":"2025-06-16T17:34:04.640Z"}
{"level":"info","message":"GET /api/events","timestamp":"2025-06-16T17:34:04.645Z"}
{"level":"info","message":"GET /api/events","timestamp":"2025-06-16T17:34:12.842Z"}
{"level":"info","message":"GET /api/events","timestamp":"2025-06-16T17:34:12.846Z"}
{"level":"info","message":"GET /api/events","timestamp":"2025-06-16T17:38:03.736Z"}
{"level":"info","message":"GET /api/events","timestamp":"2025-06-16T17:38:03.741Z"}
{"level":"info","message":"GET /api/events","timestamp":"2025-06-16T17:43:32.243Z"}
{"level":"info","message":"GET /api/events","timestamp":"2025-06-16T17:43:32.247Z"}
{"level":"info","message":"POST /api/users","timestamp":"2025-06-16T17:44:36.701Z"}
{"level":"info","message":"POST /api/users/login","timestamp":"2025-06-16T17:44:59.744Z"}
{"level":"info","message":"POST /api/users","timestamp":"2025-06-16T17:45:42.127Z"}
{"level":"info","message":"POST /api/users","timestamp":"2025-06-16T17:45:54.424Z"}
{"level":"info","message":"POST /api/users","timestamp":"2025-06-16T17:46:01.725Z"}
{"level":"info","message":"POST /api/users/login","timestamp":"2025-06-16T17:46:28.997Z"}
{"level":"info","message":"POST /api/users/login","timestamp":"2025-06-16T17:46:34.429Z"}
{"level":"info","message":"POST /api/users/login","timestamp":"2025-06-16T17:46:34.862Z"}
{"level":"info","message":"POST /api/users","timestamp":"2025-06-16T18:12:30.027Z"}
{"level":"info","message":"POST /api/users/login","timestamp":"2025-06-16T18:12:56.339Z"}
{"level":"info","message":"POST /api/users/login","timestamp":"2025-06-16T18:12:59.030Z"}
{"level":"info","message":"POST /api/users/login","timestamp":"2025-06-16T18:13:38.639Z"}
{"level":"info","message":"POST /api/users/login","timestamp":"2025-06-16T18:13:40.412Z"}
{"level":"info","message":"POST /api/users/login","timestamp":"2025-06-16T18:13:40.817Z"}
{"level":"info","message":"POST /api/users/login","timestamp":"2025-06-16T18:14:25.341Z"}
{"level":"info","message":"Server running on port 5000","timestamp":"2025-06-16T18:15:10.181Z"}
{"level":"info","message":"MongoDB connected","timestamp":"2025-06-16T18:15:10.195Z"}
{"level":"info","message":"POST /api/users/login","timestamp":"2025-06-16T18:15:47.430Z"}
{"level":"info","message":"Server running on port 5000","timestamp":"2025-06-16T18:19:05.676Z"}
{"level":"info","message":"MongoDB connected","timestamp":"2025-06-16T18:19:05.691Z"}
{"level":"info","message":"Server running on port 5000","timestamp":"2025-06-16T18:19:20.230Z"}
{"level":"info","message":"MongoDB connected","timestamp":"2025-06-16T18:19:20.247Z"}
{"level":"info","message":"POST /api/users/login","timestamp":"2025-06-16T18:20:22.303Z"}
{"level":"info","message":"GET /api/events","timestamp":"2025-06-16T18:20:22.424Z"}
{"level":"info","message":"GET /api/events","timestamp":"2025-06-16T18:20:22.433Z"}
{"level":"info","message":"GET /api/events?search=web+devolopment","timestamp":"2025-06-16T18:20:41.534Z"}
{"level":"info","message":"GET /api/events?category=Workshop&search=web+devolopment","timestamp":"2025-06-16T18:21:24.855Z"}
{"level":"info","message":"GET /api/events?category=Workshop&date=0002-03-23&search=web+devolopment","timestamp":"2025-06-16T18:21:31.220Z"}
{"level":"info","message":"GET /api/events?category=Workshop&date=0020-03-23&search=web+devolopment","timestamp":"2025-06-16T18:21:31.435Z"}
{"level":"info","message":"GET /api/events?category=Workshop&date=0200-03-23&search=web+devolopment","timestamp":"2025-06-16T18:21:31.612Z"}
{"level":"info","message":"GET /api/events?category=Workshop&date=2005-03-23&search=web+devolopment","timestamp":"2025-06-16T18:21:31.836Z"}
{"level":"info","message":"GET /api/events","timestamp":"2025-06-16T18:21:36.965Z"}
{"level":"info","message":"GET /api/users/me","timestamp":"2025-06-16T18:21:44.985Z"}
{"level":"info","message":"GET /api/users/me","timestamp":"2025-06-16T18:21:44.994Z"}
{"level":"info","message":"POST /api/events","timestamp":"2025-06-16T18:23:45.886Z"}
{"level":"info","message":"GET /api/events/68506131bcde9b480a014195","timestamp":"2025-06-16T18:23:45.924Z"}
{"level":"info","message":"GET /api/events/68506131bcde9b480a014195","timestamp":"2025-06-16T18:23:45.948Z"}
{"level":"info","message":"POST /api/events/68506131bcde9b480a014195/register","timestamp":"2025-06-16T18:23:58.548Z"}
{"level":"info","message":"GET /api/events","timestamp":"2025-06-16T18:24:24.327Z"}
{"level":"info","message":"GET /api/events","timestamp":"2025-06-16T18:24:24.335Z"}
{"level":"info","message":"GET /api/events/68506131bcde9b480a014195","timestamp":"2025-06-16T18:24:29.602Z"}
{"level":"info","message":"GET /api/events/68506131bcde9b480a014195","timestamp":"2025-06-16T18:24:29.611Z"}
{"level":"info","message":"GET /api/events","timestamp":"2025-06-16T18:24:34.238Z"}
{"level":"info","message":"GET /api/events","timestamp":"2025-06-16T18:24:34.246Z"}
{"level":"info","message":"GET /api/events/68506131bcde9b480a014195","timestamp":"2025-06-16T18:24:45.092Z"}
{"level":"info","message":"GET /api/events/68506131bcde9b480a014195","timestamp":"2025-06-16T18:24:45.100Z"}
{"level":"info","message":"GET /api/events","timestamp":"2025-06-16T18:25:05.951Z"}
{"level":"info","message":"GET /api/events","timestamp":"2025-06-16T18:25:05.957Z"}
{"level":"info","message":"Server running on port 5000","timestamp":"2025-06-17T13:52:09.136Z"}
{"level":"info","message":"MongoDB connected","timestamp":"2025-06-17T13:52:09.182Z"}
{"level":"info","message":"GET /api/users/me","timestamp":"2025-06-17T13:56:33.698Z"}
{"level":"info","message":"GET /api/users/me","timestamp":"2025-06-17T13:56:33.719Z"}
{"level":"info","message":"POST /api/users","timestamp":"2025-06-17T14:00:15.826Z"}
{"level":"info","message":"POST /api/users","timestamp":"2025-06-17T14:00:30.077Z"}
{"level":"info","message":"POST /api/users/login","timestamp":"2025-06-17T14:00:57.739Z"}
{"level":"info","message":"GET /api/events","timestamp":"2025-06-17T14:00:57.855Z"}
{"level":"info","message":"GET /api/events","timestamp":"2025-06-17T14:00:57.886Z"}
{"level":"info","message":"POST /api/events","timestamp":"2025-06-17T14:02:44.668Z"}
{"level":"info","message":"GET /api/events/6851758413500e8f0e1b8bfc","timestamp":"2025-06-17T14:02:44.717Z"}
{"level":"info","message":"GET /api/events/6851758413500e8f0e1b8bfc","timestamp":"2025-06-17T14:02:44.739Z"}
{"level":"info","message":"GET /api/events","timestamp":"2025-06-17T14:02:54.682Z"}
{"level":"info","message":"GET /api/events","timestamp":"2025-06-17T14:02:54.693Z"}
